[debug] [2023-05-14T11:40:52.439Z] ----------------------------------------------------------------------
[debug] [2023-05-14T11:40:52.442Z] Command:       C:\Program Files\nodejs\node.exe C:\Users\aslam\AppData\Roaming\npm\node_modules\firebase-tools\lib\bin\firebase.js init
[debug] [2023-05-14T11:40:52.442Z] CLI Version:   12.0.0
[debug] [2023-05-14T11:40:52.442Z] Platform:      win32
[debug] [2023-05-14T11:40:52.443Z] Node Version:  v18.3.0
[debug] [2023-05-14T11:40:52.444Z] Time:          Sun May 14 2023 16:40:52 GMT+0500 (Pakistan Standard Time)
[debug] [2023-05-14T11:40:52.444Z] ----------------------------------------------------------------------
[debug] 
[debug] [2023-05-14T11:40:52.455Z] > command requires scopes: ["email","openid","https://www.googleapis.com/auth/cloudplatformprojects.readonly","https://www.googleapis.com/auth/firebase","https://www.googleapis.com/auth/cloud-platform"]
[debug] [2023-05-14T11:40:52.456Z] > authorizing via signed-in user (191198@students.au.edu.pk)
[info] 
     ######## #### ########  ######## ########     ###     ######  ########
     ##        ##  ##     ## ##       ##     ##  ##   ##  ##       ##
     ######    ##  ########  ######   ########  #########  ######  ######
     ##        ##  ##    ##  ##       ##     ## ##     ##       ## ##
     ##       #### ##     ## ######## ########  ##     ##  ######  ########

You're about to initialize a Firebase project in this directory:

  C:\Users\aslam\Dropbox\PC\Desktop\trail\Eye-Disease

[info] 
=== Project Setup
[info] 
[info] First, let's associate this project directory with a Firebase project.
[info] You can create multiple project aliases by running firebase use --add, 
[info] but for now we'll just set up a default project.
[info] 
[debug] [2023-05-14T11:41:08.721Z] > refreshing access token with scopes: []
[debug] [2023-05-14T11:41:08.725Z] >>> [apiv2][query] POST https://www.googleapis.com/oauth2/v3/token [none]
[debug] [2023-05-14T11:41:08.725Z] >>> [apiv2][body] POST https://www.googleapis.com/oauth2/v3/token [omitted]
[debug] [2023-05-14T11:41:09.284Z] <<< [apiv2][status] POST https://www.googleapis.com/oauth2/v3/token 400
[debug] [2023-05-14T11:41:09.284Z] <<< [apiv2][body] POST https://www.googleapis.com/oauth2/v3/token [omitted]
[debug] [2023-05-14T11:41:09.286Z] >>> [apiv2][query] GET https://firebase.googleapis.com/v1beta1/projects pageSize=100
[debug] [2023-05-14T11:41:09.783Z] <<< [apiv2][status] GET https://firebase.googleapis.com/v1beta1/projects 401
[debug] [2023-05-14T11:41:09.784Z] <<< [apiv2][body] GET https://firebase.googleapis.com/v1beta1/projects [omitted]
[debug] [2023-05-14T11:41:09.786Z] HTTP Error: 401, Request had invalid authentication credentials. Expected OAuth 2 access token, login cookie or other valid authentication credential. See https://developers.google.com/identity/sign-in/web/devconsole-project.
[debug] [2023-05-14T11:41:14.813Z] Error: Timed out.
    at Timeout._onTimeout (C:\Users\aslam\AppData\Roaming\npm\node_modules\firebase-tools\lib\utils.js:253:49)
    at listOnTimeout (node:internal/timers:564:17)
    at process.processTimers (node:internal/timers:507:7)
[error] 
[error] Error: An unexpected error has occurred.
